Evil Jump/Library/Bee/Android/Prj/Mono2x/Gradle/unityLibrary/build/intermediates/manifest_merge_blame_file/release/manifest-merger-blame-release-report.txt
1<?xml version="1.0" encoding="utf-8"?>
2<manifest xmlns:android="http://schemas.android.com/apk/res/android"
3    xmlns:tools="http://schemas.android.com/tools"
4    package="com.unity3d.player"
5    android:versionCode="1"
6    android:versionName="0.8" >
7
8    <uses-sdk
9        android:minSdkVersion="22"
9-->src\main\AndroidManifest.xml
10        android:targetSdkVersion="33" />
10-->src\main\AndroidManifest.xml
11
12    <uses-feature android:glEsVersion="0x00020000" />
12-->src\main\AndroidManifest.xml:19:3-52
12-->src\main\AndroidManifest.xml:19:17-49
13    <uses-feature
13-->src\main\AndroidManifest.xml:20:3-91
14        android:name="android.hardware.vulkan.version"
14-->src\main\AndroidManifest.xml:20:17-63
15        android:required="false" />
15-->src\main\AndroidManifest.xml:20:64-88
16
17    <supports-gl-texture android:name="GL_OES_compressed_ETC1_RGB8_texture" />
17-->src\main\AndroidManifest.xml:21:3-77
17-->src\main\AndroidManifest.xml:21:24-74
18
19    <uses-feature
19-->src\main\AndroidManifest.xml:22:3-97
20        android:name="android.hardware.sensor.accelerometer"
20-->src\main\AndroidManifest.xml:22:17-69
21        android:required="false" />
21-->src\main\AndroidManifest.xml:22:70-94
22    <uses-feature
22-->src\main\AndroidManifest.xml:23:3-88
23        android:name="android.hardware.touchscreen"
23-->src\main\AndroidManifest.xml:23:17-60
24        android:required="false" />
24-->src\main\AndroidManifest.xml:23:61-85
25    <uses-feature
25-->src\main\AndroidManifest.xml:24:3-99
26        android:name="android.hardware.touchscreen.multitouch"
26-->src\main\AndroidManifest.xml:24:17-71
27        android:required="false" />
27-->src\main\AndroidManifest.xml:24:72-96
28    <uses-feature
28-->src\main\AndroidManifest.xml:25:3-108
29        android:name="android.hardware.touchscreen.multitouch.distinct"
29-->src\main\AndroidManifest.xml:25:17-80
30        android:required="false" />
30-->src\main\AndroidManifest.xml:25:81-105
31
32    <application android:extractNativeLibs="true" >
32-->src\main\AndroidManifest.xml:3:3-18:17
32-->src\main\AndroidManifest.xml:3:16-48
33        <activity
33-->src\main\AndroidManifest.xml:4:5-11:16
34            android:name="com.unity3d.player.UnityPlayerActivity"
34-->src\main\AndroidManifest.xml:4:15-68
35            android:configChanges="mcc|mnc|locale|touchscreen|keyboard|keyboardHidden|navigation|orientation|screenLayout|uiMode|screenSize|smallestScreenSize|fontScale|layoutDirection|density"
35-->src\main\AndroidManifest.xml:4:210-391
36            android:exported="true"
36-->src\main\AndroidManifest.xml:4:463-486
37            android:hardwareAccelerated="false"
37-->src\main\AndroidManifest.xml:4:427-462
38            android:launchMode="singleTask"
38-->src\main\AndroidManifest.xml:4:148-179
39            android:maxAspectRatio="1.86"
39-->src\main\AndroidManifest.xml:4:180-209
40            android:resizeableActivity="false"
40-->src\main\AndroidManifest.xml:4:392-426
41            android:screenOrientation="portrait"
41-->src\main\AndroidManifest.xml:4:111-147
42            android:theme="@style/UnityThemeSelector" >
42-->src\main\AndroidManifest.xml:4:69-110
43            <intent-filter>
43-->src\main\AndroidManifest.xml:5:7-8:23
44                <action android:name="android.intent.action.MAIN" />
44-->src\main\AndroidManifest.xml:6:9-61
44-->src\main\AndroidManifest.xml:6:17-58
45
46                <category android:name="android.intent.category.LAUNCHER" />
46-->src\main\AndroidManifest.xml:7:9-69
46-->src\main\AndroidManifest.xml:7:19-66
47            </intent-filter>
48
49            <meta-data
49-->src\main\AndroidManifest.xml:9:7-82
50                android:name="unityplayer.UnityActivity"
50-->src\main\AndroidManifest.xml:9:18-58
51                android:value="true" />
51-->src\main\AndroidManifest.xml:9:59-79
52            <meta-data
52-->src\main\AndroidManifest.xml:10:7-78
53                android:name="android.notch_support"
53-->src\main\AndroidManifest.xml:10:18-54
54                android:value="true" />
54-->src\main\AndroidManifest.xml:10:55-75
55        </activity>
56
57        <meta-data
57-->src\main\AndroidManifest.xml:12:5-69
58            android:name="unity.splash-mode"
58-->src\main\AndroidManifest.xml:12:16-48
59            android:value="0" />
59-->src\main\AndroidManifest.xml:12:49-66
60        <meta-data
60-->src\main\AndroidManifest.xml:13:5-74
61            android:name="unity.splash-enable"
61-->src\main\AndroidManifest.xml:13:16-50
62            android:value="True" />
62-->src\main\AndroidManifest.xml:13:51-71
63        <meta-data
63-->src\main\AndroidManifest.xml:14:5-78
64            android:name="unity.launch-fullscreen"
64-->src\main\AndroidManifest.xml:14:16-54
65            android:value="True" />
65-->src\main\AndroidManifest.xml:14:55-75
66        <meta-data
66-->src\main\AndroidManifest.xml:15:5-84
67            android:name="unity.allow-resizable-window"
67-->src\main\AndroidManifest.xml:15:16-59
68            android:value="False" />
68-->src\main\AndroidManifest.xml:15:60-81
69        <meta-data
69-->src\main\AndroidManifest.xml:16:5-73
70            android:name="android.max_aspect"
70-->src\main\AndroidManifest.xml:16:16-49
71            android:value="1.86" />
71-->src\main\AndroidManifest.xml:16:50-70
72        <meta-data
72-->src\main\AndroidManifest.xml:17:5-81
73            android:name="notch.config"
73-->src\main\AndroidManifest.xml:17:16-43
74            android:value="portrait|landscape" />
74-->src\main\AndroidManifest.xml:17:44-78
75    </application>
76
77</manifest>